      fixed_acidity  volatile_acidity  citric_acid  ...    pH  sulphates  alcohol
0               7.4             0.700         0.00  ...  3.51       0.56      9.4
1               7.8             0.880         0.00  ...  3.20       0.68      9.8
2               7.8             0.760         0.04  ...  3.26       0.65      9.8
3              11.2             0.280         0.56  ...  3.16       0.58      9.8
4               7.4             0.700         0.00  ...  3.51       0.56      9.4
...             ...               ...          ...  ...   ...        ...      ...
1594            6.2             0.600         0.08  ...  3.45       0.58     10.5
1595            5.9             0.550         0.10  ...  3.52       0.76     11.2
1596            6.3             0.510         0.13  ...  3.42       0.75     11.0
1597            5.9             0.645         0.12  ...  3.57       0.71     10.2
1598            6.0             0.310         0.47  ...  3.39       0.66     11.0

[1599 rows x 11 columns]
  (0, 27)	1.0
  (0, 172)	1.0
  (0, 239)	1.0
  (0, 329)	1.0
  (0, 449)	1.0
  (0, 574)	1.0
  (0, 651)	1.0
  (0, 1109)	1.0
  (0, 1266)	1.0
  (0, 1310)	1.0
  (0, 1399)	1.0
  (1, 31)	1.0
  (1, 208)	1.0
  (1, 239)	1.0
  (1, 341)	1.0
  (1, 471)	1.0
  (1, 588)	1.0
  (1, 684)	1.0
  (1, 1038)	1.0
  (1, 1235)	1.0
  (1, 1322)	1.0
  (1, 1405)	1.0
  (2, 31)	1.0
  (2, 184)	1.0
  (2, 243)	1.0
  :	:
  (1596, 1257)	1.0
  (1596, 1329)	1.0
  (1596, 1421)	1.0
  (1597, 12)	1.0
  (1597, 161)	1.0
  (1597, 251)	1.0
  (1597, 330)	1.0
  (1597, 448)	1.0
  (1597, 595)	1.0
  (1597, 661)	1.0
  (1597, 931)	1.0
  (1597, 1272)	1.0
  (1597, 1325)	1.0
  (1597, 1411)	1.0
  (1598, 13)	1.0
  (1598, 113)	1.0
  (1598, 286)	1.0
  (1598, 355)	1.0
  (1598, 440)	1.0
  (1598, 581)	1.0
  (1598, 659)	1.0
  (1598, 932)	1.0
  (1598, 1254)	1.0
  (1598, 1320)	1.0
  (1598, 1421)	1.0
RF Accuracy 0.6525
AutoML Accuracy 0.5975
          rank  ensemble_weight                type      cost   duration
model_id                                                                
19           1             0.14       liblinear_svc  0.345960   4.516394
11           2             0.02       random_forest  0.348485   6.891179
15           3             0.14       random_forest  0.348485   4.784440
17           4             0.10  passive_aggressive  0.351010   3.420381
2            5             0.04       random_forest  0.353535   3.573259
5            6             0.02       random_forest  0.393939   4.408084
8            7             0.04       random_forest  0.398990   3.945343
24           8             0.02         extra_trees  0.398990   4.302150
28           9             0.04       random_forest  0.421717   3.227610
14          10             0.02       liblinear_svc  0.434343   7.055197
4           11             0.06                 lda  0.439394   3.661938
18          12             0.04       random_forest  0.444444  27.281913
22          13             0.14       random_forest  0.560606   4.032703
7           14             0.10                 lda  0.568182   2.664803
26          15             0.06       random_forest  0.568182   8.876581
27          16             0.02       random_forest  0.651515   5.160761
